<?xml version="1.0" encoding="UTF-8"?>
<testng-results ignored="0" total="1" passed="1" failed="0" skipped="0">
  <reporter-output>
  </reporter-output>
  <suite started-at="2023-09-05T07:37:24 IST" name="Default suite" finished-at="2023-09-05T07:37:24 IST" duration-ms="55">
    <groups>
    </groups>
    <test started-at="2023-09-05T07:37:24 IST" name="Default test" finished-at="2023-09-05T07:37:24 IST" duration-ms="55">
      <class name="Vtiger.practice.baseclasspractice">
        <test-method is-config="true" signature="bs()[pri:0, instance:Vtiger.practice.baseclasspractice@7ec7ffd3]" started-at="2023-09-05T07:37:24 IST" name="bs" finished-at="2023-09-05T07:37:24 IST" duration-ms="8" status="PASS">
          <reporter-output>
          </reporter-output>
        </test-method> <!-- bs -->
        <test-method is-config="true" signature="bc()[pri:0, instance:Vtiger.practice.baseclasspractice@7ec7ffd3]" started-at="2023-09-05T07:37:24 IST" name="bc" finished-at="2023-09-05T07:37:24 IST" duration-ms="1" status="PASS">
          <reporter-output>
          </reporter-output>
        </test-method> <!-- bc -->
        <test-method is-config="true" signature="bm()[pri:0, instance:Vtiger.practice.baseclasspractice@7ec7ffd3]" started-at="2023-09-05T07:37:24 IST" name="bm" finished-at="2023-09-05T07:37:24 IST" duration-ms="2" status="PASS">
          <reporter-output>
          </reporter-output>
        </test-method> <!-- bm -->
        <test-method signature="test()[pri:0, instance:Vtiger.practice.baseclasspractice@7ec7ffd3]" started-at="2023-09-05T07:37:24 IST" name="test" finished-at="2023-09-05T07:37:24 IST" duration-ms="11" status="PASS">
          <reporter-output>
          </reporter-output>
        </test-method> <!-- test -->
        <test-method is-config="true" signature="am()[pri:0, instance:Vtiger.practice.baseclasspractice@7ec7ffd3]" started-at="2023-09-05T07:37:24 IST" name="am" finished-at="2023-09-05T07:37:24 IST" duration-ms="1" status="PASS">
          <reporter-output>
          </reporter-output>
        </test-method> <!-- am -->
        <test-method is-config="true" signature="ac()[pri:0, instance:Vtiger.practice.baseclasspractice@7ec7ffd3]" started-at="2023-09-05T07:37:24 IST" name="ac" finished-at="2023-09-05T07:37:24 IST" duration-ms="2" status="PASS">
          <reporter-output>
          </reporter-output>
        </test-method> <!-- ac -->
        <test-method is-config="true" signature="as()[pri:0, instance:Vtiger.practice.baseclasspractice@7ec7ffd3]" started-at="2023-09-05T07:37:24 IST" name="as" finished-at="2023-09-05T07:37:24 IST" duration-ms="1" status="PASS">
          <reporter-output>
          </reporter-output>
        </test-method> <!-- as -->
      </class> <!-- Vtiger.practice.baseclasspractice -->
    </test> <!-- Default test -->
  </suite> <!-- Default suite -->
</testng-results>
